{"/home/gspadilha/Desktop/devFrontend/rocketseat-desafio01-praticando/src/components/Body/index.tsx": {"path":"/home/gspadilha/Desktop/devFrontend/rocketseat-desafio01-praticando/src/components/Body/index.tsx","statementMap":{"0":{"start":{"line":1,"column":0},"end":{"line":1,"column":43}},"1":{"start":{"line":2,"column":0},"end":{"line":2,"column":35}},"2":{"start":{"line":3,"column":0},"end":{"line":3,"column":43}},"3":{"start":{"line":4,"column":0},"end":{"line":4,"column":33}},"4":{"start":{"line":6,"column":0},"end":{"line":6,"column":46}},"5":{"start":{"line":8,"column":0},"end":{"line":8,"column":39}},"6":{"start":{"line":17,"column":6},"end":{"line":17,"column":15}},"7":{"start":{"line":19,"column":2},"end":{"line":43,"column":4}},"8":{"start":{"line":33,"column":12},"end":{"line":34,"column":null}},"9":{"start":{"line":10,"column":0},"end":{"line":10,"column":16}}},"fnMap":{"0":{"name":"Body","decl":{"start":{"line":10,"column":16},"end":{"line":10,"column":20}},"loc":{"start":{"line":10,"column":20},"end":{"line":44,"column":1}}},"1":{"name":"(anonymous_2)","decl":{"start":{"line":32,"column":25},"end":{"line":32,"column":29}},"loc":{"start":{"line":33,"column":12},"end":{"line":34,"column":null}}}},"branchMap":{"0":{"loc":{"start":{"line":29,"column":9},"end":{"line":39,"column":null}},"type":"cond-expr","locations":[{"start":{"line":30,"column":10},"end":{"line":30,"column":24}},{"start":{"line":32,"column":10},"end":{"line":39,"column":12}}]}},"s":{"0":0,"1":0,"2":0,"3":0,"4":0,"5":0,"6":0,"7":0,"8":0,"9":0},"f":{"0":0,"1":0},"b":{"0":[0,0]}}
,"/home/gspadilha/Desktop/devFrontend/rocketseat-desafio01-praticando/src/components/CustomCheckbox/index.tsx": {"path":"/home/gspadilha/Desktop/devFrontend/rocketseat-desafio01-praticando/src/components/CustomCheckbox/index.tsx","statementMap":{"0":{"start":{"line":1,"column":0},"end":{"line":1,"column":33}},"1":{"start":{"line":3,"column":0},"end":{"line":3,"column":39}},"2":{"start":{"line":11,"column":32},"end":{"line":11,"column":46}},"3":{"start":{"line":14,"column":4},"end":{"line":14,"column":24}},"4":{"start":{"line":14,"column":20},"end":{"line":14,"column":22}},"5":{"start":{"line":16,"column":4},"end":{"line":18,"column":null}},"6":{"start":{"line":17,"column":6},"end":{"line":17,"column":22}},"7":{"start":{"line":21,"column":2},"end":{"line":33,"column":4}},"8":{"start":{"line":28,"column":26},"end":{"line":28,"column":50}},"9":{"start":{"line":10,"column":0},"end":{"line":10,"column":16}}},"fnMap":{"0":{"name":"CustomCheckbox","decl":{"start":{"line":10,"column":16},"end":{"line":10,"column":30}},"loc":{"start":{"line":10,"column":69},"end":{"line":34,"column":1}}},"1":{"name":"handleOnChange","decl":{"start":{"line":13,"column":11},"end":{"line":13,"column":25}},"loc":{"start":{"line":13,"column":42},"end":{"line":19,"column":3}}},"2":{"name":"(anonymous_3)","decl":{"start":{"line":14,"column":15},"end":{"line":14,"column":16}},"loc":{"start":{"line":14,"column":20},"end":{"line":14,"column":22}}},"3":{"name":"(anonymous_4)","decl":{"start":{"line":28,"column":20},"end":{"line":28,"column":23}},"loc":{"start":{"line":28,"column":26},"end":{"line":28,"column":50}}}},"branchMap":{"0":{"loc":{"start":{"line":16,"column":4},"end":{"line":18,"column":null}},"type":"if","locations":[{"start":{"line":16,"column":4},"end":{"line":18,"column":null}}]}},"s":{"0":0,"1":0,"2":0,"3":0,"4":0,"5":0,"6":0,"7":0,"8":0,"9":0},"f":{"0":0,"1":0,"2":0,"3":0},"b":{"0":[0]}}
,"/home/gspadilha/Desktop/devFrontend/rocketseat-desafio01-praticando/src/components/Formulario/index.tsx": {"path":"/home/gspadilha/Desktop/devFrontend/rocketseat-desafio01-praticando/src/components/Formulario/index.tsx","statementMap":{"0":{"start":{"line":1,"column":0},"end":{"line":1,"column":63}},"1":{"start":{"line":2,"column":0},"end":{"line":2,"column":54}},"2":{"start":{"line":4,"column":0},"end":{"line":4,"column":39}},"3":{"start":{"line":11,"column":30},"end":{"line":11,"column":42}},"4":{"start":{"line":13,"column":20},"end":{"line":13,"column":50}},"5":{"start":{"line":16,"column":4},"end":{"line":16,"column":27}},"6":{"start":{"line":17,"column":4},"end":{"line":17,"column":29}},"7":{"start":{"line":18,"column":4},"end":{"line":18,"column":18}},"8":{"start":{"line":19,"column":4},"end":{"line":19,"column":32}},"9":{"start":{"line":26,"column":2},"end":{"line":28,"column":9}},"10":{"start":{"line":27,"column":4},"end":{"line":27,"column":32}},"11":{"start":{"line":30,"column":2},"end":{"line":64,"column":4}},"12":{"start":{"line":34,"column":21},"end":{"line":34,"column":37}},"13":{"start":{"line":46,"column":12},"end":{"line":46,"column":45}},"14":{"start":{"line":10,"column":0},"end":{"line":10,"column":16}}},"fnMap":{"0":{"name":"Formulario","decl":{"start":{"line":10,"column":16},"end":{"line":10,"column":26}},"loc":{"start":{"line":10,"column":65},"end":{"line":65,"column":1}}},"1":{"name":"inserirTarefa","decl":{"start":{"line":15,"column":11},"end":{"line":15,"column":24}},"loc":{"start":{"line":15,"column":41},"end":{"line":20,"column":3}}},"2":{"name":"validarTarefa","decl":{"start":{"line":22,"column":11},"end":{"line":22,"column":24}},"loc":{"start":{"line":22,"column":59},"end":{"line":24,"column":3}}},"3":{"name":"(anonymous_4)","decl":{"start":{"line":26,"column":12},"end":{"line":26,"column":15}},"loc":{"start":{"line":26,"column":17},"end":{"line":28,"column":3}}},"4":{"name":"(anonymous_5)","decl":{"start":{"line":34,"column":16},"end":{"line":34,"column":17}},"loc":{"start":{"line":34,"column":21},"end":{"line":34,"column":37}}},"5":{"name":"(anonymous_6)","decl":{"start":{"line":44,"column":20},"end":{"line":44,"column":21}},"loc":{"start":{"line":44,"column":24},"end":{"line":47,"column":11}}}},"branchMap":{},"s":{"0":1,"1":1,"2":1,"3":10,"4":10,"5":2,"6":2,"7":2,"8":2,"9":10,"10":4,"11":10,"12":2,"13":5,"14":1},"f":{"0":10,"1":2,"2":0,"3":4,"4":2,"5":5},"b":{}}
,"/home/gspadilha/Desktop/devFrontend/rocketseat-desafio01-praticando/src/components/Header/index.tsx": {"path":"/home/gspadilha/Desktop/devFrontend/rocketseat-desafio01-praticando/src/components/Header/index.tsx","statementMap":{"0":{"start":{"line":1,"column":0},"end":{"line":1,"column":39}},"1":{"start":{"line":4,"column":2},"end":{"line":8,"column":4}},"2":{"start":{"line":3,"column":0},"end":{"line":3,"column":16}}},"fnMap":{"0":{"name":"Header","decl":{"start":{"line":3,"column":16},"end":{"line":3,"column":22}},"loc":{"start":{"line":3,"column":22},"end":{"line":9,"column":1}}}},"branchMap":{},"s":{"0":1,"1":1,"2":1},"f":{"0":1},"b":{}}
,"/home/gspadilha/Desktop/devFrontend/rocketseat-desafio01-praticando/src/components/Lista/index.tsx": {"path":"/home/gspadilha/Desktop/devFrontend/rocketseat-desafio01-praticando/src/components/Lista/index.tsx","statementMap":{"0":{"start":{"line":1,"column":0},"end":{"line":1,"column":50}},"1":{"start":{"line":3,"column":0},"end":{"line":3,"column":51}},"2":{"start":{"line":7,"column":0},"end":{"line":7,"column":39}},"3":{"start":{"line":20,"column":2},"end":{"line":31,"column":4}},"4":{"start":{"line":24,"column":27},"end":{"line":24,"column":62}},"5":{"start":{"line":29,"column":49},"end":{"line":29,"column":74}},"6":{"start":{"line":15,"column":0},"end":{"line":15,"column":16}}},"fnMap":{"0":{"name":"Lista","decl":{"start":{"line":15,"column":16},"end":{"line":15,"column":21}},"loc":{"start":{"line":19,"column":14},"end":{"line":32,"column":1}}},"1":{"name":"(anonymous_2)","decl":{"start":{"line":24,"column":16},"end":{"line":24,"column":23}},"loc":{"start":{"line":24,"column":27},"end":{"line":24,"column":62}}},"2":{"name":"(anonymous_3)","decl":{"start":{"line":29,"column":43},"end":{"line":29,"column":46}},"loc":{"start":{"line":29,"column":49},"end":{"line":29,"column":74}}}},"branchMap":{"0":{"loc":{"start":{"line":26,"column":20},"end":{"line":26,"column":58}},"type":"cond-expr","locations":[{"start":{"line":26,"column":32},"end":{"line":26,"column":53}},{"start":{"line":26,"column":56},"end":{"line":26,"column":58}}]}},"s":{"0":0,"1":0,"2":0,"3":0,"4":0,"5":0,"6":0},"f":{"0":0,"1":0,"2":0},"b":{"0":[0,0]}}
,"/home/gspadilha/Desktop/devFrontend/rocketseat-desafio01-praticando/src/components/ListaVazia/index.tsx": {"path":"/home/gspadilha/Desktop/devFrontend/rocketseat-desafio01-praticando/src/components/ListaVazia/index.tsx","statementMap":{"0":{"start":{"line":1,"column":0},"end":{"line":1,"column":39}},"1":{"start":{"line":4,"column":2},"end":{"line":10,"column":4}},"2":{"start":{"line":3,"column":0},"end":{"line":3,"column":16}}},"fnMap":{"0":{"name":"ListaVazia","decl":{"start":{"line":3,"column":16},"end":{"line":3,"column":26}},"loc":{"start":{"line":3,"column":26},"end":{"line":11,"column":1}}}},"branchMap":{},"s":{"0":1,"1":1,"2":1},"f":{"0":1},"b":{}}
,"/home/gspadilha/Desktop/devFrontend/rocketseat-desafio01-praticando/src/components/Resumo/index.tsx": {"path":"/home/gspadilha/Desktop/devFrontend/rocketseat-desafio01-praticando/src/components/Resumo/index.tsx","statementMap":{"0":{"start":{"line":3,"column":0},"end":{"line":3,"column":39}},"1":{"start":{"line":6,"column":2},"end":{"line":17,"column":4}},"2":{"start":{"line":5,"column":0},"end":{"line":5,"column":16}}},"fnMap":{"0":{"name":"Resumo","decl":{"start":{"line":5,"column":16},"end":{"line":5,"column":22}},"loc":{"start":{"line":5,"column":69},"end":{"line":18,"column":1}}}},"branchMap":{"0":{"loc":{"start":{"line":14,"column":15},"end":{"line":14,"column":66}},"type":"cond-expr","locations":[{"start":{"line":14,"column":31},"end":{"line":14,"column":34}},{"start":{"line":14,"column":37},"end":{"line":14,"column":66}}]}},"s":{"0":1,"1":3,"2":1},"f":{"0":3},"b":{"0":[1,2]}}
,"/home/gspadilha/Desktop/devFrontend/rocketseat-desafio01-praticando/src/context/TodoContextProvider.tsx": {"path":"/home/gspadilha/Desktop/devFrontend/rocketseat-desafio01-praticando/src/context/TodoContextProvider.tsx","statementMap":{"0":{"start":{"line":1,"column":0},"end":{"line":1,"column":79}},"1":{"start":{"line":22,"column":13},"end":{"line":24,"column":2}},"2":{"start":{"line":30,"column":65},"end":{"line":99,"column":1}},"3":{"start":{"line":33,"column":38},"end":{"line":33,"column":69}},"4":{"start":{"line":34,"column":40},"end":{"line":37,"column":4}},"5":{"start":{"line":39,"column":2},"end":{"line":46,"column":19}},"6":{"start":{"line":40,"column":28},"end":{"line":42,"column":null}},"7":{"start":{"line":41,"column":22},"end":{"line":41,"column":47}},"8":{"start":{"line":45,"column":4},"end":{"line":45,"column":80}},"9":{"start":{"line":49,"column":4},"end":{"line":51,"column":null}},"10":{"start":{"line":50,"column":6},"end":{"line":50,"column":15}},"11":{"start":{"line":53,"column":4},"end":{"line":53,"column":60}},"12":{"start":{"line":53,"column":46},"end":{"line":53,"column":53}},"13":{"start":{"line":57,"column":38},"end":{"line":61,"column":6}},"14":{"start":{"line":63,"column":4},"end":{"line":63,"column":78}},"15":{"start":{"line":63,"column":39},"end":{"line":63,"column":76}},"16":{"start":{"line":67,"column":32},"end":{"line":67,"column":73}},"17":{"start":{"line":67,"column":58},"end":{"line":67,"column":72}},"18":{"start":{"line":69,"column":4},"end":{"line":69,"column":39}},"19":{"start":{"line":73,"column":4},"end":{"line":75,"column":null}},"20":{"start":{"line":74,"column":6},"end":{"line":74,"column":15}},"21":{"start":{"line":77,"column":4},"end":{"line":77,"column":27}},"22":{"start":{"line":81,"column":21},"end":{"line":83,"column":60}},"23":{"start":{"line":82,"column":20},"end":{"line":82,"column":70}},"24":{"start":{"line":83,"column":22},"end":{"line":83,"column":59}},"25":{"start":{"line":85,"column":4},"end":{"line":85,"column":28}},"26":{"start":{"line":88,"column":16},"end":{"line":96,"column":31}},"27":{"start":{"line":89,"column":4},"end":{"line":95,"column":6}},"28":{"start":{"line":98,"column":2},"end":{"line":98,"column":79}},"29":{"start":{"line":30,"column":13},"end":{"line":30,"column":65}}},"fnMap":{"0":{"name":"(anonymous_0)","decl":{"start":{"line":30,"column":65},"end":{"line":30,"column":66}},"loc":{"start":{"line":32,"column":25},"end":{"line":99,"column":1}}},"1":{"name":"(anonymous_1)","decl":{"start":{"line":39,"column":12},"end":{"line":39,"column":15}},"loc":{"start":{"line":39,"column":17},"end":{"line":46,"column":3}}},"2":{"name":"(anonymous_2)","decl":{"start":{"line":41,"column":6},"end":{"line":41,"column":7}},"loc":{"start":{"line":41,"column":22},"end":{"line":41,"column":47}}},"3":{"name":"getMaxId","decl":{"start":{"line":48,"column":11},"end":{"line":48,"column":19}},"loc":{"start":{"line":48,"column":19},"end":{"line":54,"column":3}}},"4":{"name":"(anonymous_4)","decl":{"start":{"line":53,"column":38},"end":{"line":53,"column":42}},"loc":{"start":{"line":53,"column":46},"end":{"line":53,"column":53}}},"5":{"name":"inserirAtividade","decl":{"start":{"line":56,"column":11},"end":{"line":56,"column":27}},"loc":{"start":{"line":56,"column":47},"end":{"line":64,"column":3}}},"6":{"name":"(anonymous_6)","decl":{"start":{"line":63,"column":18},"end":{"line":63,"column":35}},"loc":{"start":{"line":63,"column":39},"end":{"line":63,"column":76}}},"7":{"name":"deletarAtividade","decl":{"start":{"line":66,"column":11},"end":{"line":66,"column":27}},"loc":{"start":{"line":66,"column":38},"end":{"line":70,"column":3}}},"8":{"name":"(anonymous_8)","decl":{"start":{"line":67,"column":50},"end":{"line":67,"column":54}},"loc":{"start":{"line":67,"column":58},"end":{"line":67,"column":72}}},"9":{"name":"compararMarcadas","decl":{"start":{"line":72,"column":11},"end":{"line":72,"column":27}},"loc":{"start":{"line":72,"column":56},"end":{"line":78,"column":3}}},"10":{"name":"realizarAtividade","decl":{"start":{"line":80,"column":11},"end":{"line":80,"column":28}},"loc":{"start":{"line":80,"column":57},"end":{"line":86,"column":3}}},"11":{"name":"(anonymous_11)","decl":{"start":{"line":82,"column":11},"end":{"line":82,"column":15}},"loc":{"start":{"line":82,"column":20},"end":{"line":82,"column":70}}},"12":{"name":"(anonymous_12)","decl":{"start":{"line":83,"column":12},"end":{"line":83,"column":13}},"loc":{"start":{"line":83,"column":22},"end":{"line":83,"column":59}}},"13":{"name":"(anonymous_13)","decl":{"start":{"line":88,"column":24},"end":{"line":88,"column":27}},"loc":{"start":{"line":88,"column":29},"end":{"line":96,"column":3}}}},"branchMap":{"0":{"loc":{"start":{"line":41,"column":22},"end":{"line":41,"column":47}},"type":"cond-expr","locations":[{"start":{"line":41,"column":34},"end":{"line":41,"column":41}},{"start":{"line":41,"column":44},"end":{"line":41,"column":47}}]},"1":{"loc":{"start":{"line":49,"column":4},"end":{"line":51,"column":null}},"type":"if","locations":[{"start":{"line":49,"column":4},"end":{"line":51,"column":null}}]},"2":{"loc":{"start":{"line":73,"column":4},"end":{"line":75,"column":null}},"type":"if","locations":[{"start":{"line":73,"column":4},"end":{"line":75,"column":null}}]},"3":{"loc":{"start":{"line":77,"column":11},"end":{"line":77,"column":26}},"type":"cond-expr","locations":[{"start":{"line":77,"column":20},"end":{"line":77,"column":21}},{"start":{"line":77,"column":24},"end":{"line":77,"column":26}}]},"4":{"loc":{"start":{"line":82,"column":20},"end":{"line":82,"column":70}},"type":"cond-expr","locations":[{"start":{"line":82,"column":37},"end":{"line":82,"column":63}},{"start":{"line":82,"column":66},"end":{"line":82,"column":70}}]},"5":{"loc":{"start":{"line":83,"column":22},"end":{"line":83,"column":59}},"type":"binary-expr","locations":[{"start":{"line":83,"column":22},"end":{"line":83,"column":44}},{"start":{"line":83,"column":48},"end":{"line":83,"column":59}}]}},"s":{"0":0,"1":0,"2":0,"3":0,"4":0,"5":0,"6":0,"7":0,"8":0,"9":0,"10":0,"11":0,"12":0,"13":0,"14":0,"15":0,"16":0,"17":0,"18":0,"19":0,"20":0,"21":0,"22":0,"23":0,"24":0,"25":0,"26":0,"27":0,"28":0,"29":0},"f":{"0":0,"1":0,"2":0,"3":0,"4":0,"5":0,"6":0,"7":0,"8":0,"9":0,"10":0,"11":0,"12":0,"13":0},"b":{"0":[0,0],"1":[0],"2":[0],"3":[0,0],"4":[0,0],"5":[0,0]}}
,"/home/gspadilha/Desktop/devFrontend/rocketseat-desafio01-praticando/src/hooks/useTodo.ts": {"path":"/home/gspadilha/Desktop/devFrontend/rocketseat-desafio01-praticando/src/hooks/useTodo.ts","statementMap":{"0":{"start":{"line":1,"column":0},"end":{"line":1,"column":35}},"1":{"start":{"line":3,"column":0},"end":{"line":3,"column":80}},"2":{"start":{"line":5,"column":23},"end":{"line":13,"column":1}},"3":{"start":{"line":6,"column":18},"end":{"line":6,"column":41}},"4":{"start":{"line":8,"column":2},"end":{"line":10,"column":null}},"5":{"start":{"line":9,"column":4},"end":{"line":9,"column":44}},"6":{"start":{"line":12,"column":2},"end":{"line":12,"column":17}},"7":{"start":{"line":5,"column":13},"end":{"line":5,"column":23}}},"fnMap":{"0":{"name":"(anonymous_0)","decl":{"start":{"line":5,"column":23},"end":{"line":5,"column":45}},"loc":{"start":{"line":5,"column":47},"end":{"line":13,"column":1}}}},"branchMap":{"0":{"loc":{"start":{"line":8,"column":2},"end":{"line":10,"column":null}},"type":"if","locations":[{"start":{"line":8,"column":2},"end":{"line":10,"column":null}}]}},"s":{"0":0,"1":0,"2":0,"3":0,"4":0,"5":0,"6":0,"7":0},"f":{"0":0},"b":{"0":[0]}}
}
