TN:
SF:src/components/Body/index.tsx
FN:7,Body
FNF:1
FNH:1
FNDA:7,Body
DA:1,1
DA:2,1
DA:3,1
DA:4,1
DA:5,1
DA:6,1
DA:7,7
DA:8,7
DA:9,7
DA:10,7
DA:11,7
DA:12,7
DA:13,7
DA:14,7
DA:15,7
DA:16,7
DA:17,7
DA:18,7
DA:19,7
LF:19
LH:19
BRDA:7,0,0,7
BRF:1
BRH:1
end_of_record
TN:
SF:src/components/CustomCheckbox/index.tsx
FN:9,CustomCheckbox
FN:14,handleOnChange
FN:26,onChange
FNF:3
FNH:3
FNDA:17,CustomCheckbox
FNDA:1,handleOnChange
FNDA:1,onChange
DA:1,1
DA:2,1
DA:3,1
DA:4,1
DA:5,1
DA:6,1
DA:7,1
DA:8,1
DA:9,17
DA:10,17
DA:11,17
DA:12,17
DA:13,17
DA:14,17
DA:15,1
DA:16,1
DA:17,1
DA:18,17
DA:19,17
DA:20,17
DA:21,17
DA:22,17
DA:23,17
DA:24,17
DA:25,17
DA:26,17
DA:27,17
DA:28,17
DA:29,17
DA:30,17
DA:31,17
DA:32,17
LF:32
LH:32
BRDA:9,0,0,17
BRDA:14,1,0,1
BRDA:15,2,0,1
BRDA:26,3,0,1
BRF:4
BRH:4
end_of_record
TN:
SF:src/components/Formulario/index.tsx
FN:8,Formulario
FN:15,inserirTarefa
FN:23,validarTarefa
FN:36,onSubmit
FN:46,onChange
FNF:5
FNH:5
FNDA:27,Formulario
FNDA:1,inserirTarefa
FNDA:1,validarTarefa
FNDA:1,onSubmit
FNDA:1,onChange
DA:1,1
DA:2,1
DA:3,1
DA:4,1
DA:5,1
DA:6,1
DA:7,1
DA:8,27
DA:9,27
DA:10,27
DA:11,27
DA:12,27
DA:13,27
DA:14,27
DA:15,27
DA:16,1
DA:17,1
DA:18,1
DA:19,1
DA:20,1
DA:21,27
DA:22,1
DA:23,1
DA:24,1
DA:25,1
DA:26,1
DA:27,1
DA:28,1
DA:29,1
DA:30,1
DA:31,1
DA:32,1
DA:33,1
DA:34,1
DA:35,1
DA:36,1
DA:37,1
DA:38,1
DA:39,1
DA:40,1
DA:41,1
DA:42,1
DA:43,1
DA:44,1
DA:45,1
DA:46,1
DA:47,1
DA:48,1
DA:49,1
DA:50,1
DA:51,1
DA:52,1
DA:53,1
DA:54,1
DA:55,1
DA:56,1
DA:57,1
DA:58,1
DA:59,1
DA:60,1
DA:61,1
LF:61
LH:61
BRDA:8,0,0,27
BRDA:15,1,0,1
BRDA:28,2,0,1
BRDA:36,3,0,1
BRDA:46,4,0,1
BRF:5
BRH:5
end_of_record
TN:
SF:src/components/Header/index.tsx
FN:3,Header
FNF:1
FNH:1
FNDA:1,Header
DA:1,1
DA:2,1
DA:3,1
DA:4,1
DA:5,1
DA:6,1
DA:7,1
DA:8,1
DA:9,1
LF:9
LH:9
BRDA:3,0,0,1
BRF:1
BRH:1
end_of_record
TN:
SF:src/components/Lista/index.tsx
FN:10,Lista
FN:31,onClick
FNF:2
FNH:2
FNDA:14,Lista
FNDA:1,onClick
DA:1,1
DA:2,1
DA:3,1
DA:4,1
DA:5,1
DA:6,1
DA:7,1
DA:8,1
DA:9,1
DA:10,14
DA:11,14
DA:12,14
DA:13,14
DA:14,5
DA:15,5
DA:16,9
DA:17,9
DA:18,9
DA:19,9
DA:20,13
DA:21,13
DA:22,13
DA:23,13
DA:24,13
DA:25,13
DA:26,13
DA:27,13
DA:28,13
DA:29,13
DA:30,13
DA:31,13
DA:32,13
DA:33,13
DA:34,9
DA:35,9
DA:36,9
DA:37,9
LF:37
LH:37
BRDA:10,0,0,14
BRDA:13,1,0,5
BRDA:16,2,0,9
BRDA:19,3,0,13
BRDA:23,4,0,4
BRDA:23,5,0,9
BRDA:31,6,0,1
BRF:7
BRH:7
end_of_record
TN:
SF:src/components/ListaVazia/index.tsx
FN:3,ListaVazia
FNF:1
FNH:1
FNDA:6,ListaVazia
DA:1,1
DA:2,1
DA:3,6
DA:4,6
DA:5,6
DA:6,6
DA:7,6
DA:8,6
DA:9,6
DA:10,6
DA:11,6
LF:11
LH:11
BRDA:3,0,0,6
BRF:1
BRH:1
end_of_record
TN:
SF:src/components/Resumo/index.tsx
FN:5,Resumo
FNF:1
FNH:1
FNDA:10,Resumo
DA:1,1
DA:2,1
DA:3,1
DA:4,1
DA:5,10
DA:6,10
DA:7,10
DA:8,10
DA:9,10
DA:10,10
DA:11,10
DA:12,10
DA:13,10
DA:14,10
DA:15,10
DA:16,10
DA:17,10
DA:18,10
DA:19,10
DA:20,10
DA:21,10
DA:22,10
DA:23,10
DA:24,10
LF:24
LH:24
BRDA:5,0,0,10
BRDA:18,1,0,4
BRDA:19,2,0,6
BRF:3
BRH:3
end_of_record
TN:
SF:src/hooks/useTodo.tsx
FN:30,TodoProvider
FN:45,getMaxId
FN:53,inserirAtividade
FN:63,deletarAtividade
FN:69,compararMarcadas
FN:77,realizarAtividade
FN:98,useToDo
FNF:7
FNH:7
FNDA:21,TodoProvider
FNDA:10,getMaxId
FNDA:10,inserirAtividade
FNDA:1,deletarAtividade
FNDA:4,compararMarcadas
FNDA:4,realizarAtividade
FNDA:21,useToDo
DA:1,1
DA:2,1
DA:3,1
DA:4,1
DA:5,1
DA:6,1
DA:7,1
DA:8,1
DA:9,1
DA:10,1
DA:11,1
DA:12,1
DA:13,1
DA:14,1
DA:15,1
DA:16,1
DA:17,1
DA:18,1
DA:19,1
DA:20,1
DA:21,1
DA:22,1
DA:23,1
DA:24,1
DA:25,1
DA:26,1
DA:27,1
DA:28,1
DA:29,1
DA:30,1
DA:31,21
DA:32,21
DA:33,21
DA:34,21
DA:35,21
DA:36,21
DA:37,21
DA:38,21
DA:39,21
DA:40,21
DA:41,21
DA:42,21
DA:43,21
DA:44,21
DA:45,21
DA:46,10
DA:47,6
DA:48,6
DA:49,4
DA:50,4
DA:51,4
DA:52,21
DA:53,21
DA:54,10
DA:55,10
DA:56,10
DA:57,10
DA:58,10
DA:59,10
DA:60,10
DA:61,10
DA:62,21
DA:63,21
DA:64,1
DA:65,1
DA:66,1
DA:67,1
DA:68,21
DA:69,21
DA:70,4
DA:71,1
DA:72,1
DA:73,3
DA:74,4
DA:75,4
DA:76,21
DA:77,21
DA:78,4
DA:79,4
DA:80,4
DA:81,4
DA:82,4
DA:83,4
DA:84,21
DA:85,21
DA:86,21
DA:87,21
DA:88,21
DA:89,21
DA:90,21
DA:91,21
DA:92,21
DA:93,21
DA:94,21
DA:95,21
DA:96,21
DA:97,1
DA:98,1
DA:99,21
DA:100,21
DA:101,1
DA:102,1
LF:102
LH:102
BRDA:30,0,0,21
BRDA:36,1,0,22
BRDA:36,2,0,3
BRDA:36,3,0,19
BRDA:45,4,0,10
BRDA:46,5,0,6
BRDA:49,6,0,4
BRDA:50,7,0,5
BRDA:53,8,0,10
BRDA:60,9,0,10
BRDA:63,10,0,1
BRDA:64,11,0,2
BRDA:69,12,0,4
BRDA:70,13,0,1
BRDA:73,14,0,3
BRDA:74,15,0,1
BRDA:74,16,0,2
BRDA:77,17,0,4
BRDA:79,18,0,6
BRDA:79,19,0,4
BRDA:79,20,0,2
BRDA:80,21,0,4
BRDA:80,22,0,1
BRDA:85,23,0,21
BRDA:98,24,0,21
BRF:25
BRH:25
end_of_record
